The system is: Windows - 10.0.17763 - AMD64
Compiling the C compiler identification source file "CMakeCCompilerId.c" succeeded.
Compiler: C:/Program Files (x86)/Microsoft Visual Studio/2017/Community/VC/Tools/MSVC/14.16.27023/bin/Hostx86/x86/cl.exe 
Build flags: 
Id flags:  

The output was:
0
Оптимизирующий компилятор Microsoft (R) C/C++ версии 19.16.27025.1 для x86
(C) Корпорация Майкрософт (Microsoft Corporation).  Все права защищены.

CMakeCCompilerId.c
Microsoft (R) Incremental Linker Version 14.16.27025.1
Copyright (C) Microsoft Corporation.  All rights reserved.

/out:CMakeCCompilerId.exe 
CMakeCCompilerId.obj 


Compilation of the C compiler identification source "CMakeCCompilerId.c" produced "CMakeCCompilerId.exe"

Compilation of the C compiler identification source "CMakeCCompilerId.c" produced "CMakeCCompilerId.obj"

The C compiler identification is MSVC, found in "C:/Users/nedmk/CLionProjects/exam/cmake-build-debug/CMakeFiles/3.13.2/CompilerIdC/CMakeCCompilerId.exe"

Determining if the C compiler works passed with the following output:
Change Dir: C:/Users/nedmk/CLionProjects/exam/cmake-build-debug/CMakeFiles/CMakeTmp

Run Build Command:"nmake" "/nologo" "cmTC_98539\fast"
	"C:\Program Files (x86)\Microsoft Visual Studio\2017\Community\VC\Tools\MSVC\14.16.27023\bin\HostX86\x86\nmake.exe" -f CMakeFiles\cmTC_98539.dir\build.make /nologo -L                  CMakeFiles\cmTC_98539.dir\build
Building C object CMakeFiles/cmTC_98539.dir/testCCompiler.c.obj
	C:\PROGRA~2\MICROS~1\2017\COMMUN~1\VC\Tools\MSVC\1416~1.270\bin\Hostx86\x86\cl.exe @C:\Users\nedmk\AppData\Local\Temp\nmCB8C.tmp
testCCompiler.c
Linking C executable cmTC_98539.exe
	"C:\Program Files\JetBrains\CLion 2018.2.6\bin\cmake\win\bin\cmake.exe" -E vs_link_exe --intdir=CMakeFiles\cmTC_98539.dir --manifests  -- C:\PROGRA~2\MICROS~1\2017\COMMUN~1\VC\Tools\MSVC\1416~1.270\bin\Hostx86\x86\link.exe /nologo @CMakeFiles\cmTC_98539.dir\objects1.rsp @C:\Users\nedmk\AppData\Local\Temp\nmCF46.tmp


Detecting C compiler ABI info compiled with the following output:
Change Dir: C:/Users/nedmk/CLionProjects/exam/cmake-build-debug/CMakeFiles/CMakeTmp

Run Build Command:"nmake" "/nologo" "cmTC_b2bb9\fast"
	"C:\Program Files (x86)\Microsoft Visual Studio\2017\Community\VC\Tools\MSVC\14.16.27023\bin\HostX86\x86\nmake.exe" -f CMakeFiles\cmTC_b2bb9.dir\build.make /nologo -L                  CMakeFiles\cmTC_b2bb9.dir\build
Building C object CMakeFiles/cmTC_b2bb9.dir/CMakeCCompilerABI.c.obj
	C:\PROGRA~2\MICROS~1\2017\COMMUN~1\VC\Tools\MSVC\1416~1.270\bin\Hostx86\x86\cl.exe @C:\Users\nedmk\AppData\Local\Temp\nmDC83.tmp
CMakeCCompilerABI.c
Linking C executable cmTC_b2bb9.exe
	"C:\Program Files\JetBrains\CLion 2018.2.6\bin\cmake\win\bin\cmake.exe" -E vs_link_exe --intdir=CMakeFiles\cmTC_b2bb9.dir --manifests  -- C:\PROGRA~2\MICROS~1\2017\COMMUN~1\VC\Tools\MSVC\1416~1.270\bin\Hostx86\x86\link.exe /nologo @CMakeFiles\cmTC_b2bb9.dir\objects1.rsp @C:\Users\nedmk\AppData\Local\Temp\nmDD6F.tmp




Detecting C [] compiler features compiled with the following output:
Change Dir: C:/Users/nedmk/CLionProjects/exam/cmake-build-debug/CMakeFiles/CMakeTmp

Run Build Command:"nmake" "/nologo" "cmTC_3754f\fast"
	"C:\Program Files (x86)\Microsoft Visual Studio\2017\Community\VC\Tools\MSVC\14.16.27023\bin\HostX86\x86\nmake.exe" -f CMakeFiles\cmTC_3754f.dir\build.make /nologo -L                  CMakeFiles\cmTC_3754f.dir\build
Building C object CMakeFiles/cmTC_3754f.dir/feature_tests.c.obj
	C:\PROGRA~2\MICROS~1\2017\COMMUN~1\VC\Tools\MSVC\1416~1.270\bin\Hostx86\x86\cl.exe @C:\Users\nedmk\AppData\Local\Temp\nmE424.tmp
feature_tests.c
Linking C executable cmTC_3754f.exe
	"C:\Program Files\JetBrains\CLion 2018.2.6\bin\cmake\win\bin\cmake.exe" -E vs_link_exe --intdir=CMakeFiles\cmTC_3754f.dir --manifests  -- C:\PROGRA~2\MICROS~1\2017\COMMUN~1\VC\Tools\MSVC\1416~1.270\bin\Hostx86\x86\link.exe /nologo @CMakeFiles\cmTC_3754f.dir\objects1.rsp @C:\Users\nedmk\AppData\Local\Temp\nmE4B2.tmp


    Feature record: C_FEATURE:1c_function_prototypes
    Feature record: C_FEATURE:1c_variadic_macros
